<?xml version="1.0" encoding="UTF-8"?>
<testng-results ignored="4" total="8" passed="4" failed="0" skipped="0">
  <reporter-output>
  </reporter-output>
  <suite started-at="2023-07-18T06:52:35 GMT" name="SampleSuite" finished-at="2023-07-18T06:52:35 GMT" duration-ms="77">
    <groups>
    </groups>
    <test started-at="2023-07-18T06:52:35 GMT" name="SampleTest" finished-at="2023-07-18T06:52:35 GMT" duration-ms="77">
      <class name="testNGtestscripts.SampleTest">
        <test-method signature="testFour()[pri:0, instance:testNGtestscripts.SampleTest@69e1dd28]" started-at="2023-07-18T06:52:35 GMT" name="testFour" finished-at="2023-07-18T06:52:35 GMT" duration-ms="11" status="PASS">
          <reporter-output>
          </reporter-output>
        </test-method> <!-- testFour -->
        <test-method signature="testThree()[pri:0, instance:testNGtestscripts.SampleTest@69e1dd28]" started-at="2023-07-18T06:52:35 GMT" name="testThree" finished-at="2023-07-18T06:52:35 GMT" duration-ms="2" status="PASS">
          <reporter-output>
          </reporter-output>
        </test-method> <!-- testThree -->
      </class> <!-- testNGtestscripts.SampleTest -->
      <class name="testNGtestscripts.SampleFour">
        <test-method signature="testFour()[pri:0, instance:testNGtestscripts.SampleFour@11bd0f3b]" started-at="2023-07-18T06:52:35 GMT" name="testFour" finished-at="2023-07-18T06:52:35 GMT" duration-ms="1" status="PASS">
          <reporter-output>
          </reporter-output>
        </test-method> <!-- testFour -->
        <test-method signature="testThree()[pri:0, instance:testNGtestscripts.SampleFour@11bd0f3b]" started-at="2023-07-18T06:52:35 GMT" name="testThree" finished-at="2023-07-18T06:52:35 GMT" duration-ms="2" status="PASS">
          <reporter-output>
          </reporter-output>
        </test-method> <!-- testThree -->
      </class> <!-- testNGtestscripts.SampleFour -->
    </test> <!-- SampleTest -->
  </suite> <!-- SampleSuite -->
</testng-results>
