<?xml version="1.0" encoding="UTF-8"?>
<!-- Generated by org.testng.reporters.JUnitXMLReporter -->
<testsuite ignored="4" hostname="EC2AMAZ-S11DBRH" failures="0" tests="4" name="SampleTest" time="0.077" errors="0" timestamp="2023-07-18T06:52:35 GMT">
  <testcase classname="testNGtestscripts.SampleTest" name="testFour" time="0.011"/>
  <testcase classname="testNGtestscripts.SampleTest" name="testThree" time="0.002"/>
  <testcase classname="testNGtestscripts.SampleFour" name="testFour" time="0.001"/>
  <testcase classname="testNGtestscripts.SampleFour" name="testThree" time="0.002"/>
  <testcase classname="testNGtestscripts.SampleTest" name="testOne" time="0.0">
    <ignored/>
  </testcase> <!-- testOne -->
  <testcase classname="testNGtestscripts.SampleFour" name="testOne" time="0.0">
    <ignored/>
  </testcase> <!-- testOne -->
  <testcase classname="testNGtestscripts.SampleFour" name="testTwo" time="0.0">
    <ignored/>
  </testcase> <!-- testTwo -->
  <testcase classname="testNGtestscripts.SampleTest" name="testTwo" time="0.0">
    <ignored/>
  </testcase> <!-- testTwo -->
</testsuite> <!-- SampleTest -->
